<?xml version="1.0" encoding="UTF-8"?>
<!-- Generated by org.testng.reporters.JUnitReportReporter -->
<testsuite hostname="WINCTRL-DP65RH5" failures="0" tests="1" name="testcases.TC_02" time="59.843" errors="0" timestamp="2020-07-03T12:32:05 IST" skipped="0">
  <testcase classname="testcases.TC_02" name="Add_User" time="59.843"/>
  <system-out/>
</testsuite> <!-- testcases.TC_02 -->
