<?xml version="1.0" encoding="UTF-8"?>
<!-- Generated by org.testng.reporters.JUnitReportReporter -->
<testsuite hostname="WINCTRL-DP65RH5" failures="0" tests="1" name="testcases.TC_01" time="37.868" errors="0" timestamp="2020-07-03T12:32:05 IST" skipped="0">
  <testcase classname="testcases.TC_01" name="Login_Logout" time="37.868"/>
  <system-out/>
</testsuite> <!-- testcases.TC_01 -->
